Compiling the C compiler identification source file "CMakeCCompilerId.c" failed.
Compiler: /Library/Developer/CommandLineTools/usr/bin/cc 
Build flags: 
Id flags:  

The output was:
1
ld: library not found for -lSystem
clang: error: linker command failed with exit code 1 (use -v to see invocation)


Compiling the CXX compiler identification source file "CMakeCXXCompilerId.cpp" failed.
Compiler: /Library/Developer/CommandLineTools/usr/bin/c++ 
Build flags: 
Id flags:  

The output was:
1
ld: library not found for -lc++
clang: error: linker command failed with exit code 1 (use -v to see invocation)


Performing C++ SOURCE FILE Test HAVE_CXX_FLAG_fno_extern_tls_init failed with the following output:
Change Dir: /Users/alek/Dev/cvc5/cmake-build-debug/CMakeFiles/CMakeTmp

Run Build Command(s):/Applications/CLion.app/Contents/bin/ninja/mac/ninja cmTC_428bd && [1/2] Building CXX object CMakeFiles/cmTC_428bd.dir/src.cxx.o
FAILED: CMakeFiles/cmTC_428bd.dir/src.cxx.o 
/Library/Developer/CommandLineTools/usr/bin/c++ -DHAVE_CXX_FLAG_fno_extern_tls_init  -fno-inline -Og -Wall -Wno-unused-private-field -Wsuggest-override -Wnon-virtual-dtor -Wimplicit-fallthrough -Wshadow  -arch arm64 -isysroot /Library/Developer/CommandLineTools/SDKs/MacOSX13.1.sdk -fcolor-diagnostics   -fno-extern-tls-init -std=c++17 -MD -MT CMakeFiles/cmTC_428bd.dir/src.cxx.o -MF CMakeFiles/cmTC_428bd.dir/src.cxx.o.d -o CMakeFiles/cmTC_428bd.dir/src.cxx.o -c /Users/alek/Dev/cvc5/cmake-build-debug/CMakeFiles/CMakeTmp/src.cxx
clang: error: unknown argument: '-fno-extern-tls-init'
ninja: build stopped: subcommand failed.


Source file was:
int main() { return 0; }
Performing C++ SOURCE FILE Test HAVE_CXX_FLAG_Wclass_memaccess failed with the following output:
Change Dir: /Users/alek/Dev/cvc5/cmake-build-debug/CMakeFiles/CMakeTmp

Run Build Command(s):/Applications/CLion.app/Contents/bin/ninja/mac/ninja cmTC_0432b && [1/2] Building CXX object CMakeFiles/cmTC_0432b.dir/src.cxx.o
warning: unknown warning option '-Wclass-memaccess'; did you mean '-Wclass-varargs'? [-Wunknown-warning-option]
1 warning generated.
[2/2] Linking CXX executable cmTC_0432b


Source file was:
int main() { return 0; }
